Build started 12/10/2015 23:49:56.
     1>Project "C:\Users\Dario\Desktop 2\TESI\GITHUB\Tesi\FindMultiContoursObject\FindMultiContoursObject\FindMultiContoursObject.vcxproj" on node 2 (Build target(s)).
     1>ClCompile:
         C:\Program Files (x86)\Microsoft Visual Studio 12.0\VC\bin\x86_amd64\CL.exe /c /IC:\Ceemple\OpenCV4VS\include /Zi /nologo /W3 /WX- /sdl /Od /D _MBCS /Gm /EHsc /RTC1 /MDd /GS /fp:precise /Zc:wchar_t /Zc:forScope /Fo"x64\Debug\\" /Fd"x64\Debug\vc120.pdb" /Gd /TP /errorReport:prompt main.cpp MultiContoursObject.cpp Utility.cpp
         Utility.cpp
     1>Utility.cpp(55): warning C4267: '/=' : conversion from 'size_t' to 'int', possible loss of data
     1>Utility.cpp(56): warning C4267: '/=' : conversion from 'size_t' to 'int', possible loss of data
     1>Utility.cpp(58): warning C4267: '/=' : conversion from 'size_t' to 'int', possible loss of data
     1>Utility.cpp(59): warning C4267: '/=' : conversion from 'size_t' to 'int', possible loss of data
         MultiContoursObject.cpp
     1>MultiContoursObject.cpp(36): warning C4101: 'utility' : unreferenced local variable
         main.cpp
         Generating Code...
       Link:
         C:\Program Files (x86)\Microsoft Visual Studio 12.0\VC\bin\x86_amd64\link.exe /ERRORREPORT:PROMPT /OUT:"C:\Users\Dario\Desktop 2\TESI\GITHUB\Tesi\FindMultiContoursObject\x64\Debug\FindMultiContoursObject.exe" /INCREMENTAL /NOLOGO /LIBPATH:C:\Ceemple\OpenCV4VS\lib kernel32.lib user32.lib gdi32.lib winspool.lib comdlg32.lib advapi32.lib shell32.lib ole32.lib oleaut32.lib uuid.lib odbc32.lib odbccp32.lib kernel32.lib user32.lib gdi32.lib winspool.lib comdlg32.lib advapi32.lib shell32.lib ole32.lib oleaut32.lib uuid.lib odbc32.lib odbccp32.lib StatTimer.lib clBLAS.lib clFFT.lib opencv_calib3d300d.lib opencv_core300d.lib opencv_cuda300d.lib opencv_cudaarithm300d.lib opencv_cudabgsegm300d.lib opencv_cudacodec300d.lib opencv_cudafeatures2d300d.lib opencv_cudafilters300d.lib opencv_cudaimgproc300d.lib opencv_cudalegacy300d.lib opencv_cudaoptflow300d.lib opencv_cudastereo300d.lib opencv_cudawarping300d.lib opencv_cudev300d.lib opencv_features2d300d.lib opencv_flann300d.lib opencv_highgui300d.lib opencv_imgcodecs300d.lib opencv_imgproc300d.lib opencv_ml300d.lib opencv_objdetect300d.lib opencv_photo300d.lib opencv_shape300d.lib opencv_stitching300d.lib opencv_superres300d.lib opencv_ts300d.lib opencv_video300d.lib opencv_videoio300d.lib opencv_videostab300d.lib opengl32.lib glu32.lib /MANIFEST /MANIFESTUAC:"level='asInvoker' uiAccess='false'" /manifest:embed /DEBUG /PDB:"C:\Users\Dario\Desktop 2\TESI\GITHUB\Tesi\FindMultiContoursObject\x64\Debug\FindMultiContoursObject.pdb" /TLBID:1 /DYNAMICBASE /NXCOMPAT /IMPLIB:"C:\Users\Dario\Desktop 2\TESI\GITHUB\Tesi\FindMultiContoursObject\x64\Debug\FindMultiContoursObject.lib" /MACHINE:X64 x64\Debug\main.obj
         x64\Debug\MultiContoursObject.obj
         x64\Debug\Utility.obj
         FindMultiContoursObject.vcxproj -> C:\Users\Dario\Desktop 2\TESI\GITHUB\Tesi\FindMultiContoursObject\x64\Debug\FindMultiContoursObject.exe
     1>Done Building Project "C:\Users\Dario\Desktop 2\TESI\GITHUB\Tesi\FindMultiContoursObject\FindMultiContoursObject\FindMultiContoursObject.vcxproj" (Build target(s)).

Build succeeded.

Time Elapsed 00:00:02.21
